Started GET "/ws" for 127.0.0.1 at 2025-02-27 13:38:31 -0600
  [1m[35m (0.8ms)[0m  [1m[35mCREATE TABLE "schema_migrations" ("version" varchar NOT NULL PRIMARY KEY) /*application='ShoppingCartApi'*/[0m
  [1m[35m (0.1ms)[0m  [1m[35mCREATE TABLE "ar_internal_metadata" ("key" varchar NOT NULL PRIMARY KEY, "value" varchar, "created_at" datetime(6) NOT NULL, "updated_at" datetime(6) NOT NULL) /*application='ShoppingCartApi'*/[0m
  [1m[36mActiveRecord::SchemaMigration Load (0.2ms)[0m  [1m[34mSELECT "schema_migrations"."version" FROM "schema_migrations" ORDER BY "schema_migrations"."version" ASC /*application='ShoppingCartApi'*/[0m
  
ActionController::RoutingError (No route matches [GET] "/ws"):
  
Started GET "/ws" for 127.0.0.1 at 2025-02-27 13:38:39 -0600
  
ActionController::RoutingError (No route matches [GET] "/ws"):
  
Started GET "/" for 127.0.0.1 at 2025-02-27 13:38:42 -0600
Processing by Rails::WelcomeController#index as HTML
  Rendering /home/dyl/.rbenv/versions/3.3.5/lib/ruby/gems/3.3.0/gems/railties-8.0.1/lib/rails/templates/rails/welcome/index.html.erb
  Rendered /home/dyl/.rbenv/versions/3.3.5/lib/ruby/gems/3.3.0/gems/railties-8.0.1/lib/rails/templates/rails/welcome/index.html.erb (Duration: 0.8ms | GC: 0.0ms)
Completed 200 OK in 14ms (Views: 5.3ms | ActiveRecord: 0.0ms (0 queries, 0 cached) | GC: 0.4ms)


Started GET "/icon.png" for 127.0.0.1 at 2025-02-27 13:38:42 -0600
  
ActionController::RoutingError (No route matches [GET] "/icon.png"):
  
Started GET "/ws" for 127.0.0.1 at 2025-02-27 13:38:55 -0600
  
ActionController::RoutingError (No route matches [GET] "/ws"):
  
Started GET "/products" for 127.0.0.1 at 2025-02-27 13:39:05 -0600
  
ActionController::RoutingError (uninitialized constant ProductsController)
Caused by: ActionDispatch::MissingController (uninitialized constant ProductsController)
Caused by: NameError (uninitialized constant ProductsController)

Information for: ActionController::RoutingError (uninitialized constant ProductsController):
  

Information for cause: ActionDispatch::MissingController (uninitialized constant ProductsController):
  
actionpack (8.0.1) lib/action_dispatch/http/request.rb:102:in `rescue in controller_class_for'
actionpack (8.0.1) lib/action_dispatch/http/request.rb:98:in `controller_class_for'
actionpack (8.0.1) lib/action_dispatch/http/request.rb:91:in `controller_class'
actionpack (8.0.1) lib/action_dispatch/routing/route_set.rb:61:in `controller'
actionpack (8.0.1) lib/action_dispatch/routing/route_set.rb:48:in `serve'
actionpack (8.0.1) lib/action_dispatch/journey/router.rb:53:in `block in serve'
actionpack (8.0.1) lib/action_dispatch/journey/router.rb:133:in `block in find_routes'
actionpack (8.0.1) lib/action_dispatch/journey/router.rb:126:in `each'
actionpack (8.0.1) lib/action_dispatch/journey/router.rb:126:in `find_routes'
actionpack (8.0.1) lib/action_dispatch/journey/router.rb:34:in `serve'
actionpack (8.0.1) lib/action_dispatch/routing/route_set.rb:908:in `call'
railties (8.0.1) lib/rails/engine/lazy_route_set.rb:68:in `call'
rack (3.1.10) lib/rack/etag.rb:29:in `call'
rack (3.1.10) lib/rack/conditional_get.rb:31:in `call'
rack (3.1.10) lib/rack/head.rb:15:in `call'
activerecord (8.0.1) lib/active_record/migration.rb:671:in `call'
actionpack (8.0.1) lib/action_dispatch/middleware/callbacks.rb:31:in `block in call'
activesupport (8.0.1) lib/active_support/callbacks.rb:100:in `run_callbacks'
actionpack (8.0.1) lib/action_dispatch/middleware/callbacks.rb:30:in `call'
actionpack (8.0.1) lib/action_dispatch/middleware/executor.rb:16:in `call'
actionpack (8.0.1) lib/action_dispatch/middleware/actionable_exceptions.rb:18:in `call'
actionpack (8.0.1) lib/action_dispatch/middleware/debug_exceptions.rb:31:in `call'
actionpack (8.0.1) lib/action_dispatch/middleware/show_exceptions.rb:32:in `call'
railties (8.0.1) lib/rails/rack/logger.rb:41:in `call_app'
railties (8.0.1) lib/rails/rack/logger.rb:29:in `call'
actionpack (8.0.1) lib/action_dispatch/middleware/remote_ip.rb:96:in `call'
actionpack (8.0.1) lib/action_dispatch/middleware/request_id.rb:34:in `call'
rack (3.1.10) lib/rack/runtime.rb:24:in `call'
actionpack (8.0.1) lib/action_dispatch/middleware/server_timing.rb:61:in `block in call'
actionpack (8.0.1) lib/action_dispatch/middleware/server_timing.rb:26:in `collect_events'
actionpack (8.0.1) lib/action_dispatch/middleware/server_timing.rb:60:in `call'
actionpack (8.0.1) lib/action_dispatch/middleware/executor.rb:16:in `call'
actionpack (8.0.1) lib/action_dispatch/middleware/static.rb:27:in `call'
rack (3.1.10) lib/rack/sendfile.rb:114:in `call'
actionpack (8.0.1) lib/action_dispatch/middleware/host_authorization.rb:143:in `call'
railties (8.0.1) lib/rails/engine.rb:535:in `call'
puma (6.6.0) lib/puma/configuration.rb:279:in `call'
puma (6.6.0) lib/puma/request.rb:99:in `block in handle_request'
puma (6.6.0) lib/puma/thread_pool.rb:390:in `with_force_shutdown'
puma (6.6.0) lib/puma/request.rb:98:in `handle_request'
puma (6.6.0) lib/puma/server.rb:472:in `process_client'
puma (6.6.0) lib/puma/server.rb:254:in `block in run'
puma (6.6.0) lib/puma/thread_pool.rb:167:in `block in spawn_thread'

Information for cause: NameError (uninitialized constant ProductsController):
  
activesupport (8.0.1) lib/active_support/inflector/methods.rb:290:in `constantize'
activesupport (8.0.1) lib/active_support/core_ext/string/inflections.rb:74:in `constantize'
actionpack (8.0.1) lib/action_dispatch/http/request.rb:99:in `controller_class_for'
actionpack (8.0.1) lib/action_dispatch/http/request.rb:91:in `controller_class'
actionpack (8.0.1) lib/action_dispatch/routing/route_set.rb:61:in `controller'
actionpack (8.0.1) lib/action_dispatch/routing/route_set.rb:48:in `serve'
actionpack (8.0.1) lib/action_dispatch/journey/router.rb:53:in `block in serve'
actionpack (8.0.1) lib/action_dispatch/journey/router.rb:133:in `block in find_routes'
actionpack (8.0.1) lib/action_dispatch/journey/router.rb:126:in `each'
actionpack (8.0.1) lib/action_dispatch/journey/router.rb:126:in `find_routes'
actionpack (8.0.1) lib/action_dispatch/journey/router.rb:34:in `serve'
actionpack (8.0.1) lib/action_dispatch/routing/route_set.rb:908:in `call'
railties (8.0.1) lib/rails/engine/lazy_route_set.rb:68:in `call'
rack (3.1.10) lib/rack/etag.rb:29:in `call'
rack (3.1.10) lib/rack/conditional_get.rb:31:in `call'
rack (3.1.10) lib/rack/head.rb:15:in `call'
activerecord (8.0.1) lib/active_record/migration.rb:671:in `call'
actionpack (8.0.1) lib/action_dispatch/middleware/callbacks.rb:31:in `block in call'
activesupport (8.0.1) lib/active_support/callbacks.rb:100:in `run_callbacks'
actionpack (8.0.1) lib/action_dispatch/middleware/callbacks.rb:30:in `call'
actionpack (8.0.1) lib/action_dispatch/middleware/executor.rb:16:in `call'
actionpack (8.0.1) lib/action_dispatch/middleware/actionable_exceptions.rb:18:in `call'
actionpack (8.0.1) lib/action_dispatch/middleware/debug_exceptions.rb:31:in `call'
actionpack (8.0.1) lib/action_dispatch/middleware/show_exceptions.rb:32:in `call'
railties (8.0.1) lib/rails/rack/logger.rb:41:in `call_app'
railties (8.0.1) lib/rails/rack/logger.rb:29:in `call'
actionpack (8.0.1) lib/action_dispatch/middleware/remote_ip.rb:96:in `call'
actionpack (8.0.1) lib/action_dispatch/middleware/request_id.rb:34:in `call'
rack (3.1.10) lib/rack/runtime.rb:24:in `call'
actionpack (8.0.1) lib/action_dispatch/middleware/server_timing.rb:61:in `block in call'
actionpack (8.0.1) lib/action_dispatch/middleware/server_timing.rb:26:in `collect_events'
actionpack (8.0.1) lib/action_dispatch/middleware/server_timing.rb:60:in `call'
actionpack (8.0.1) lib/action_dispatch/middleware/executor.rb:16:in `call'
actionpack (8.0.1) lib/action_dispatch/middleware/static.rb:27:in `call'
rack (3.1.10) lib/rack/sendfile.rb:114:in `call'
actionpack (8.0.1) lib/action_dispatch/middleware/host_authorization.rb:143:in `call'
railties (8.0.1) lib/rails/engine.rb:535:in `call'
puma (6.6.0) lib/puma/configuration.rb:279:in `call'
puma (6.6.0) lib/puma/request.rb:99:in `block in handle_request'
puma (6.6.0) lib/puma/thread_pool.rb:390:in `with_force_shutdown'
puma (6.6.0) lib/puma/request.rb:98:in `handle_request'
puma (6.6.0) lib/puma/server.rb:472:in `process_client'
puma (6.6.0) lib/puma/server.rb:254:in `block in run'
puma (6.6.0) lib/puma/thread_pool.rb:167:in `block in spawn_thread'
Started GET "/products/1" for 127.0.0.1 at 2025-02-27 13:39:13 -0600
  
ActionController::RoutingError (uninitialized constant ProductsController)
Caused by: ActionDispatch::MissingController (uninitialized constant ProductsController)
Caused by: NameError (uninitialized constant ProductsController)

Information for: ActionController::RoutingError (uninitialized constant ProductsController):
  

Information for cause: ActionDispatch::MissingController (uninitialized constant ProductsController):
  
actionpack (8.0.1) lib/action_dispatch/http/request.rb:102:in `rescue in controller_class_for'
actionpack (8.0.1) lib/action_dispatch/http/request.rb:98:in `controller_class_for'
actionpack (8.0.1) lib/action_dispatch/http/request.rb:91:in `controller_class'
actionpack (8.0.1) lib/action_dispatch/routing/route_set.rb:61:in `controller'
actionpack (8.0.1) lib/action_dispatch/routing/route_set.rb:48:in `serve'
actionpack (8.0.1) lib/action_dispatch/journey/router.rb:53:in `block in serve'
actionpack (8.0.1) lib/action_dispatch/journey/router.rb:133:in `block in find_routes'
actionpack (8.0.1) lib/action_dispatch/journey/router.rb:126:in `each'
actionpack (8.0.1) lib/action_dispatch/journey/router.rb:126:in `find_routes'
actionpack (8.0.1) lib/action_dispatch/journey/router.rb:34:in `serve'
actionpack (8.0.1) lib/action_dispatch/routing/route_set.rb:908:in `call'
railties (8.0.1) lib/rails/engine/lazy_route_set.rb:68:in `call'
rack (3.1.10) lib/rack/etag.rb:29:in `call'
rack (3.1.10) lib/rack/conditional_get.rb:31:in `call'
rack (3.1.10) lib/rack/head.rb:15:in `call'
activerecord (8.0.1) lib/active_record/migration.rb:671:in `call'
actionpack (8.0.1) lib/action_dispatch/middleware/callbacks.rb:31:in `block in call'
activesupport (8.0.1) lib/active_support/callbacks.rb:100:in `run_callbacks'
actionpack (8.0.1) lib/action_dispatch/middleware/callbacks.rb:30:in `call'
actionpack (8.0.1) lib/action_dispatch/middleware/executor.rb:16:in `call'
actionpack (8.0.1) lib/action_dispatch/middleware/actionable_exceptions.rb:18:in `call'
actionpack (8.0.1) lib/action_dispatch/middleware/debug_exceptions.rb:31:in `call'
actionpack (8.0.1) lib/action_dispatch/middleware/show_exceptions.rb:32:in `call'
railties (8.0.1) lib/rails/rack/logger.rb:41:in `call_app'
railties (8.0.1) lib/rails/rack/logger.rb:29:in `call'
actionpack (8.0.1) lib/action_dispatch/middleware/remote_ip.rb:96:in `call'
actionpack (8.0.1) lib/action_dispatch/middleware/request_id.rb:34:in `call'
rack (3.1.10) lib/rack/runtime.rb:24:in `call'
actionpack (8.0.1) lib/action_dispatch/middleware/server_timing.rb:61:in `block in call'
actionpack (8.0.1) lib/action_dispatch/middleware/server_timing.rb:26:in `collect_events'
actionpack (8.0.1) lib/action_dispatch/middleware/server_timing.rb:60:in `call'
actionpack (8.0.1) lib/action_dispatch/middleware/executor.rb:16:in `call'
actionpack (8.0.1) lib/action_dispatch/middleware/static.rb:27:in `call'
rack (3.1.10) lib/rack/sendfile.rb:114:in `call'
actionpack (8.0.1) lib/action_dispatch/middleware/host_authorization.rb:143:in `call'
railties (8.0.1) lib/rails/engine.rb:535:in `call'
puma (6.6.0) lib/puma/configuration.rb:279:in `call'
puma (6.6.0) lib/puma/request.rb:99:in `block in handle_request'
puma (6.6.0) lib/puma/thread_pool.rb:390:in `with_force_shutdown'
puma (6.6.0) lib/puma/request.rb:98:in `handle_request'
puma (6.6.0) lib/puma/server.rb:472:in `process_client'
puma (6.6.0) lib/puma/server.rb:254:in `block in run'
puma (6.6.0) lib/puma/thread_pool.rb:167:in `block in spawn_thread'

Information for cause: NameError (uninitialized constant ProductsController):
  
activesupport (8.0.1) lib/active_support/inflector/methods.rb:290:in `constantize'
activesupport (8.0.1) lib/active_support/core_ext/string/inflections.rb:74:in `constantize'
actionpack (8.0.1) lib/action_dispatch/http/request.rb:99:in `controller_class_for'
actionpack (8.0.1) lib/action_dispatch/http/request.rb:91:in `controller_class'
actionpack (8.0.1) lib/action_dispatch/routing/route_set.rb:61:in `controller'
actionpack (8.0.1) lib/action_dispatch/routing/route_set.rb:48:in `serve'
actionpack (8.0.1) lib/action_dispatch/journey/router.rb:53:in `block in serve'
actionpack (8.0.1) lib/action_dispatch/journey/router.rb:133:in `block in find_routes'
actionpack (8.0.1) lib/action_dispatch/journey/router.rb:126:in `each'
actionpack (8.0.1) lib/action_dispatch/journey/router.rb:126:in `find_routes'
actionpack (8.0.1) lib/action_dispatch/journey/router.rb:34:in `serve'
actionpack (8.0.1) lib/action_dispatch/routing/route_set.rb:908:in `call'
railties (8.0.1) lib/rails/engine/lazy_route_set.rb:68:in `call'
rack (3.1.10) lib/rack/etag.rb:29:in `call'
rack (3.1.10) lib/rack/conditional_get.rb:31:in `call'
rack (3.1.10) lib/rack/head.rb:15:in `call'
activerecord (8.0.1) lib/active_record/migration.rb:671:in `call'
actionpack (8.0.1) lib/action_dispatch/middleware/callbacks.rb:31:in `block in call'
activesupport (8.0.1) lib/active_support/callbacks.rb:100:in `run_callbacks'
actionpack (8.0.1) lib/action_dispatch/middleware/callbacks.rb:30:in `call'
actionpack (8.0.1) lib/action_dispatch/middleware/executor.rb:16:in `call'
actionpack (8.0.1) lib/action_dispatch/middleware/actionable_exceptions.rb:18:in `call'
actionpack (8.0.1) lib/action_dispatch/middleware/debug_exceptions.rb:31:in `call'
actionpack (8.0.1) lib/action_dispatch/middleware/show_exceptions.rb:32:in `call'
railties (8.0.1) lib/rails/rack/logger.rb:41:in `call_app'
railties (8.0.1) lib/rails/rack/logger.rb:29:in `call'
actionpack (8.0.1) lib/action_dispatch/middleware/remote_ip.rb:96:in `call'
actionpack (8.0.1) lib/action_dispatch/middleware/request_id.rb:34:in `call'
rack (3.1.10) lib/rack/runtime.rb:24:in `call'
actionpack (8.0.1) lib/action_dispatch/middleware/server_timing.rb:61:in `block in call'
actionpack (8.0.1) lib/action_dispatch/middleware/server_timing.rb:26:in `collect_events'
actionpack (8.0.1) lib/action_dispatch/middleware/server_timing.rb:60:in `call'
actionpack (8.0.1) lib/action_dispatch/middleware/executor.rb:16:in `call'
actionpack (8.0.1) lib/action_dispatch/middleware/static.rb:27:in `call'
rack (3.1.10) lib/rack/sendfile.rb:114:in `call'
actionpack (8.0.1) lib/action_dispatch/middleware/host_authorization.rb:143:in `call'
railties (8.0.1) lib/rails/engine.rb:535:in `call'
puma (6.6.0) lib/puma/configuration.rb:279:in `call'
puma (6.6.0) lib/puma/request.rb:99:in `block in handle_request'
puma (6.6.0) lib/puma/thread_pool.rb:390:in `with_force_shutdown'
puma (6.6.0) lib/puma/request.rb:98:in `handle_request'
puma (6.6.0) lib/puma/server.rb:472:in `process_client'
puma (6.6.0) lib/puma/server.rb:254:in `block in run'
puma (6.6.0) lib/puma/thread_pool.rb:167:in `block in spawn_thread'
Started GET "/ws" for 127.0.0.1 at 2025-02-27 13:39:28 -0600
  
ActionController::RoutingError (No route matches [GET] "/ws"):
  
Started GET "/products" for 127.0.0.1 at 2025-02-27 13:39:44 -0600
  
ActionController::RoutingError (uninitialized constant ProductsController)
Caused by: ActionDispatch::MissingController (uninitialized constant ProductsController)
Caused by: NameError (uninitialized constant ProductsController)

Information for: ActionController::RoutingError (uninitialized constant ProductsController):
  

Information for cause: ActionDispatch::MissingController (uninitialized constant ProductsController):
  
actionpack (8.0.1) lib/action_dispatch/http/request.rb:102:in `rescue in controller_class_for'
actionpack (8.0.1) lib/action_dispatch/http/request.rb:98:in `controller_class_for'
actionpack (8.0.1) lib/action_dispatch/http/request.rb:91:in `controller_class'
actionpack (8.0.1) lib/action_dispatch/routing/route_set.rb:61:in `controller'
actionpack (8.0.1) lib/action_dispatch/routing/route_set.rb:48:in `serve'
actionpack (8.0.1) lib/action_dispatch/journey/router.rb:53:in `block in serve'
actionpack (8.0.1) lib/action_dispatch/journey/router.rb:133:in `block in find_routes'
actionpack (8.0.1) lib/action_dispatch/journey/router.rb:126:in `each'
actionpack (8.0.1) lib/action_dispatch/journey/router.rb:126:in `find_routes'
actionpack (8.0.1) lib/action_dispatch/journey/router.rb:34:in `serve'
actionpack (8.0.1) lib/action_dispatch/routing/route_set.rb:908:in `call'
railties (8.0.1) lib/rails/engine/lazy_route_set.rb:68:in `call'
rack (3.1.10) lib/rack/etag.rb:29:in `call'
rack (3.1.10) lib/rack/conditional_get.rb:31:in `call'
rack (3.1.10) lib/rack/head.rb:15:in `call'
activerecord (8.0.1) lib/active_record/migration.rb:671:in `call'
actionpack (8.0.1) lib/action_dispatch/middleware/callbacks.rb:31:in `block in call'
activesupport (8.0.1) lib/active_support/callbacks.rb:100:in `run_callbacks'
actionpack (8.0.1) lib/action_dispatch/middleware/callbacks.rb:30:in `call'
actionpack (8.0.1) lib/action_dispatch/middleware/executor.rb:16:in `call'
actionpack (8.0.1) lib/action_dispatch/middleware/actionable_exceptions.rb:18:in `call'
actionpack (8.0.1) lib/action_dispatch/middleware/debug_exceptions.rb:31:in `call'
actionpack (8.0.1) lib/action_dispatch/middleware/show_exceptions.rb:32:in `call'
railties (8.0.1) lib/rails/rack/logger.rb:41:in `call_app'
railties (8.0.1) lib/rails/rack/logger.rb:29:in `call'
actionpack (8.0.1) lib/action_dispatch/middleware/remote_ip.rb:96:in `call'
actionpack (8.0.1) lib/action_dispatch/middleware/request_id.rb:34:in `call'
rack (3.1.10) lib/rack/runtime.rb:24:in `call'
actionpack (8.0.1) lib/action_dispatch/middleware/server_timing.rb:61:in `block in call'
actionpack (8.0.1) lib/action_dispatch/middleware/server_timing.rb:26:in `collect_events'
actionpack (8.0.1) lib/action_dispatch/middleware/server_timing.rb:60:in `call'
actionpack (8.0.1) lib/action_dispatch/middleware/executor.rb:16:in `call'
actionpack (8.0.1) lib/action_dispatch/middleware/static.rb:27:in `call'
rack (3.1.10) lib/rack/sendfile.rb:114:in `call'
actionpack (8.0.1) lib/action_dispatch/middleware/host_authorization.rb:143:in `call'
railties (8.0.1) lib/rails/engine.rb:535:in `call'
puma (6.6.0) lib/puma/configuration.rb:279:in `call'
puma (6.6.0) lib/puma/request.rb:99:in `block in handle_request'
puma (6.6.0) lib/puma/thread_pool.rb:390:in `with_force_shutdown'
puma (6.6.0) lib/puma/request.rb:98:in `handle_request'
puma (6.6.0) lib/puma/server.rb:472:in `process_client'
puma (6.6.0) lib/puma/server.rb:254:in `block in run'
puma (6.6.0) lib/puma/thread_pool.rb:167:in `block in spawn_thread'

Information for cause: NameError (uninitialized constant ProductsController):
  
activesupport (8.0.1) lib/active_support/inflector/methods.rb:290:in `constantize'
activesupport (8.0.1) lib/active_support/core_ext/string/inflections.rb:74:in `constantize'
actionpack (8.0.1) lib/action_dispatch/http/request.rb:99:in `controller_class_for'
actionpack (8.0.1) lib/action_dispatch/http/request.rb:91:in `controller_class'
actionpack (8.0.1) lib/action_dispatch/routing/route_set.rb:61:in `controller'
actionpack (8.0.1) lib/action_dispatch/routing/route_set.rb:48:in `serve'
actionpack (8.0.1) lib/action_dispatch/journey/router.rb:53:in `block in serve'
actionpack (8.0.1) lib/action_dispatch/journey/router.rb:133:in `block in find_routes'
actionpack (8.0.1) lib/action_dispatch/journey/router.rb:126:in `each'
actionpack (8.0.1) lib/action_dispatch/journey/router.rb:126:in `find_routes'
actionpack (8.0.1) lib/action_dispatch/journey/router.rb:34:in `serve'
actionpack (8.0.1) lib/action_dispatch/routing/route_set.rb:908:in `call'
railties (8.0.1) lib/rails/engine/lazy_route_set.rb:68:in `call'
rack (3.1.10) lib/rack/etag.rb:29:in `call'
rack (3.1.10) lib/rack/conditional_get.rb:31:in `call'
rack (3.1.10) lib/rack/head.rb:15:in `call'
activerecord (8.0.1) lib/active_record/migration.rb:671:in `call'
actionpack (8.0.1) lib/action_dispatch/middleware/callbacks.rb:31:in `block in call'
activesupport (8.0.1) lib/active_support/callbacks.rb:100:in `run_callbacks'
actionpack (8.0.1) lib/action_dispatch/middleware/callbacks.rb:30:in `call'
actionpack (8.0.1) lib/action_dispatch/middleware/executor.rb:16:in `call'
actionpack (8.0.1) lib/action_dispatch/middleware/actionable_exceptions.rb:18:in `call'
actionpack (8.0.1) lib/action_dispatch/middleware/debug_exceptions.rb:31:in `call'
actionpack (8.0.1) lib/action_dispatch/middleware/show_exceptions.rb:32:in `call'
railties (8.0.1) lib/rails/rack/logger.rb:41:in `call_app'
railties (8.0.1) lib/rails/rack/logger.rb:29:in `call'
actionpack (8.0.1) lib/action_dispatch/middleware/remote_ip.rb:96:in `call'
actionpack (8.0.1) lib/action_dispatch/middleware/request_id.rb:34:in `call'
rack (3.1.10) lib/rack/runtime.rb:24:in `call'
actionpack (8.0.1) lib/action_dispatch/middleware/server_timing.rb:61:in `block in call'
actionpack (8.0.1) lib/action_dispatch/middleware/server_timing.rb:26:in `collect_events'
actionpack (8.0.1) lib/action_dispatch/middleware/server_timing.rb:60:in `call'
actionpack (8.0.1) lib/action_dispatch/middleware/executor.rb:16:in `call'
actionpack (8.0.1) lib/action_dispatch/middleware/static.rb:27:in `call'
rack (3.1.10) lib/rack/sendfile.rb:114:in `call'
actionpack (8.0.1) lib/action_dispatch/middleware/host_authorization.rb:143:in `call'
railties (8.0.1) lib/rails/engine.rb:535:in `call'
puma (6.6.0) lib/puma/configuration.rb:279:in `call'
puma (6.6.0) lib/puma/request.rb:99:in `block in handle_request'
puma (6.6.0) lib/puma/thread_pool.rb:390:in `with_force_shutdown'
puma (6.6.0) lib/puma/request.rb:98:in `handle_request'
puma (6.6.0) lib/puma/server.rb:472:in `process_client'
puma (6.6.0) lib/puma/server.rb:254:in `block in run'
puma (6.6.0) lib/puma/thread_pool.rb:167:in `block in spawn_thread'
Started GET "/products" for 127.0.0.1 at 2025-02-27 13:40:27 -0600
  [1m[36mActiveRecord::SchemaMigration Load (0.1ms)[0m  [1m[34mSELECT "schema_migrations"."version" FROM "schema_migrations" ORDER BY "schema_migrations"."version" ASC /*application='ShoppingCartApi'*/[0m
  
ActionController::RoutingError (uninitialized constant ProductsController)
Caused by: ActionDispatch::MissingController (uninitialized constant ProductsController)
Caused by: NameError (uninitialized constant ProductsController)

Information for: ActionController::RoutingError (uninitialized constant ProductsController):
  

Information for cause: ActionDispatch::MissingController (uninitialized constant ProductsController):
  
actionpack (8.0.1) lib/action_dispatch/http/request.rb:102:in `rescue in controller_class_for'
actionpack (8.0.1) lib/action_dispatch/http/request.rb:98:in `controller_class_for'
actionpack (8.0.1) lib/action_dispatch/http/request.rb:91:in `controller_class'
actionpack (8.0.1) lib/action_dispatch/routing/route_set.rb:61:in `controller'
actionpack (8.0.1) lib/action_dispatch/routing/route_set.rb:48:in `serve'
actionpack (8.0.1) lib/action_dispatch/journey/router.rb:53:in `block in serve'
actionpack (8.0.1) lib/action_dispatch/journey/router.rb:133:in `block in find_routes'
actionpack (8.0.1) lib/action_dispatch/journey/router.rb:126:in `each'
actionpack (8.0.1) lib/action_dispatch/journey/router.rb:126:in `find_routes'
actionpack (8.0.1) lib/action_dispatch/journey/router.rb:34:in `serve'
actionpack (8.0.1) lib/action_dispatch/routing/route_set.rb:908:in `call'
railties (8.0.1) lib/rails/engine/lazy_route_set.rb:68:in `call'
rack (3.1.10) lib/rack/etag.rb:29:in `call'
rack (3.1.10) lib/rack/conditional_get.rb:31:in `call'
rack (3.1.10) lib/rack/head.rb:15:in `call'
activerecord (8.0.1) lib/active_record/migration.rb:671:in `call'
actionpack (8.0.1) lib/action_dispatch/middleware/callbacks.rb:31:in `block in call'
activesupport (8.0.1) lib/active_support/callbacks.rb:100:in `run_callbacks'
actionpack (8.0.1) lib/action_dispatch/middleware/callbacks.rb:30:in `call'
actionpack (8.0.1) lib/action_dispatch/middleware/executor.rb:16:in `call'
actionpack (8.0.1) lib/action_dispatch/middleware/actionable_exceptions.rb:18:in `call'
actionpack (8.0.1) lib/action_dispatch/middleware/debug_exceptions.rb:31:in `call'
actionpack (8.0.1) lib/action_dispatch/middleware/show_exceptions.rb:32:in `call'
railties (8.0.1) lib/rails/rack/logger.rb:41:in `call_app'
railties (8.0.1) lib/rails/rack/logger.rb:29:in `call'
actionpack (8.0.1) lib/action_dispatch/middleware/remote_ip.rb:96:in `call'
actionpack (8.0.1) lib/action_dispatch/middleware/request_id.rb:34:in `call'
rack (3.1.10) lib/rack/runtime.rb:24:in `call'
actionpack (8.0.1) lib/action_dispatch/middleware/server_timing.rb:61:in `block in call'
actionpack (8.0.1) lib/action_dispatch/middleware/server_timing.rb:26:in `collect_events'
actionpack (8.0.1) lib/action_dispatch/middleware/server_timing.rb:60:in `call'
actionpack (8.0.1) lib/action_dispatch/middleware/executor.rb:16:in `call'
actionpack (8.0.1) lib/action_dispatch/middleware/static.rb:27:in `call'
rack (3.1.10) lib/rack/sendfile.rb:114:in `call'
actionpack (8.0.1) lib/action_dispatch/middleware/host_authorization.rb:143:in `call'
railties (8.0.1) lib/rails/engine.rb:535:in `call'
puma (6.6.0) lib/puma/configuration.rb:279:in `call'
puma (6.6.0) lib/puma/request.rb:99:in `block in handle_request'
puma (6.6.0) lib/puma/thread_pool.rb:390:in `with_force_shutdown'
puma (6.6.0) lib/puma/request.rb:98:in `handle_request'
puma (6.6.0) lib/puma/server.rb:472:in `process_client'
puma (6.6.0) lib/puma/server.rb:254:in `block in run'
puma (6.6.0) lib/puma/thread_pool.rb:167:in `block in spawn_thread'

Information for cause: NameError (uninitialized constant ProductsController):
  
activesupport (8.0.1) lib/active_support/inflector/methods.rb:290:in `constantize'
activesupport (8.0.1) lib/active_support/core_ext/string/inflections.rb:74:in `constantize'
actionpack (8.0.1) lib/action_dispatch/http/request.rb:99:in `controller_class_for'
actionpack (8.0.1) lib/action_dispatch/http/request.rb:91:in `controller_class'
actionpack (8.0.1) lib/action_dispatch/routing/route_set.rb:61:in `controller'
actionpack (8.0.1) lib/action_dispatch/routing/route_set.rb:48:in `serve'
actionpack (8.0.1) lib/action_dispatch/journey/router.rb:53:in `block in serve'
actionpack (8.0.1) lib/action_dispatch/journey/router.rb:133:in `block in find_routes'
actionpack (8.0.1) lib/action_dispatch/journey/router.rb:126:in `each'
actionpack (8.0.1) lib/action_dispatch/journey/router.rb:126:in `find_routes'
actionpack (8.0.1) lib/action_dispatch/journey/router.rb:34:in `serve'
actionpack (8.0.1) lib/action_dispatch/routing/route_set.rb:908:in `call'
railties (8.0.1) lib/rails/engine/lazy_route_set.rb:68:in `call'
rack (3.1.10) lib/rack/etag.rb:29:in `call'
rack (3.1.10) lib/rack/conditional_get.rb:31:in `call'
rack (3.1.10) lib/rack/head.rb:15:in `call'
activerecord (8.0.1) lib/active_record/migration.rb:671:in `call'
actionpack (8.0.1) lib/action_dispatch/middleware/callbacks.rb:31:in `block in call'
activesupport (8.0.1) lib/active_support/callbacks.rb:100:in `run_callbacks'
actionpack (8.0.1) lib/action_dispatch/middleware/callbacks.rb:30:in `call'
actionpack (8.0.1) lib/action_dispatch/middleware/executor.rb:16:in `call'
actionpack (8.0.1) lib/action_dispatch/middleware/actionable_exceptions.rb:18:in `call'
actionpack (8.0.1) lib/action_dispatch/middleware/debug_exceptions.rb:31:in `call'
actionpack (8.0.1) lib/action_dispatch/middleware/show_exceptions.rb:32:in `call'
railties (8.0.1) lib/rails/rack/logger.rb:41:in `call_app'
railties (8.0.1) lib/rails/rack/logger.rb:29:in `call'
actionpack (8.0.1) lib/action_dispatch/middleware/remote_ip.rb:96:in `call'
actionpack (8.0.1) lib/action_dispatch/middleware/request_id.rb:34:in `call'
rack (3.1.10) lib/rack/runtime.rb:24:in `call'
actionpack (8.0.1) lib/action_dispatch/middleware/server_timing.rb:61:in `block in call'
actionpack (8.0.1) lib/action_dispatch/middleware/server_timing.rb:26:in `collect_events'
actionpack (8.0.1) lib/action_dispatch/middleware/server_timing.rb:60:in `call'
actionpack (8.0.1) lib/action_dispatch/middleware/executor.rb:16:in `call'
actionpack (8.0.1) lib/action_dispatch/middleware/static.rb:27:in `call'
rack (3.1.10) lib/rack/sendfile.rb:114:in `call'
actionpack (8.0.1) lib/action_dispatch/middleware/host_authorization.rb:143:in `call'
railties (8.0.1) lib/rails/engine.rb:535:in `call'
puma (6.6.0) lib/puma/configuration.rb:279:in `call'
puma (6.6.0) lib/puma/request.rb:99:in `block in handle_request'
puma (6.6.0) lib/puma/thread_pool.rb:390:in `with_force_shutdown'
puma (6.6.0) lib/puma/request.rb:98:in `handle_request'
puma (6.6.0) lib/puma/server.rb:472:in `process_client'
puma (6.6.0) lib/puma/server.rb:254:in `block in run'
puma (6.6.0) lib/puma/thread_pool.rb:167:in `block in spawn_thread'
Started GET "/ws" for 127.0.0.1 at 2025-02-27 13:40:32 -0600
  
ActionController::RoutingError (No route matches [GET] "/ws"):
  
Started GET "/products" for 127.0.0.1 at 2025-02-27 13:41:18 -0600
  [1m[36mActiveRecord::SchemaMigration Load (0.1ms)[0m  [1m[34mSELECT "schema_migrations"."version" FROM "schema_migrations" ORDER BY "schema_migrations"."version" ASC /*application='ShoppingCartApi'*/[0m
  
ActionController::RoutingError (uninitialized constant ProductsController)
Caused by: ActionDispatch::MissingController (uninitialized constant ProductsController)
Caused by: NameError (uninitialized constant ProductsController)

Information for: ActionController::RoutingError (uninitialized constant ProductsController):
  

Information for cause: ActionDispatch::MissingController (uninitialized constant ProductsController):
  
actionpack (8.0.1) lib/action_dispatch/http/request.rb:102:in `rescue in controller_class_for'
actionpack (8.0.1) lib/action_dispatch/http/request.rb:98:in `controller_class_for'
actionpack (8.0.1) lib/action_dispatch/http/request.rb:91:in `controller_class'
actionpack (8.0.1) lib/action_dispatch/routing/route_set.rb:61:in `controller'
actionpack (8.0.1) lib/action_dispatch/routing/route_set.rb:48:in `serve'
actionpack (8.0.1) lib/action_dispatch/journey/router.rb:53:in `block in serve'
actionpack (8.0.1) lib/action_dispatch/journey/router.rb:133:in `block in find_routes'
actionpack (8.0.1) lib/action_dispatch/journey/router.rb:126:in `each'
actionpack (8.0.1) lib/action_dispatch/journey/router.rb:126:in `find_routes'
actionpack (8.0.1) lib/action_dispatch/journey/router.rb:34:in `serve'
actionpack (8.0.1) lib/action_dispatch/routing/route_set.rb:908:in `call'
railties (8.0.1) lib/rails/engine/lazy_route_set.rb:68:in `call'
rack (3.1.10) lib/rack/etag.rb:29:in `call'
rack (3.1.10) lib/rack/conditional_get.rb:31:in `call'
rack (3.1.10) lib/rack/head.rb:15:in `call'
activerecord (8.0.1) lib/active_record/migration.rb:671:in `call'
actionpack (8.0.1) lib/action_dispatch/middleware/callbacks.rb:31:in `block in call'
activesupport (8.0.1) lib/active_support/callbacks.rb:100:in `run_callbacks'
actionpack (8.0.1) lib/action_dispatch/middleware/callbacks.rb:30:in `call'
actionpack (8.0.1) lib/action_dispatch/middleware/executor.rb:16:in `call'
actionpack (8.0.1) lib/action_dispatch/middleware/actionable_exceptions.rb:18:in `call'
actionpack (8.0.1) lib/action_dispatch/middleware/debug_exceptions.rb:31:in `call'
actionpack (8.0.1) lib/action_dispatch/middleware/show_exceptions.rb:32:in `call'
railties (8.0.1) lib/rails/rack/logger.rb:41:in `call_app'
railties (8.0.1) lib/rails/rack/logger.rb:29:in `call'
actionpack (8.0.1) lib/action_dispatch/middleware/remote_ip.rb:96:in `call'
actionpack (8.0.1) lib/action_dispatch/middleware/request_id.rb:34:in `call'
rack (3.1.10) lib/rack/runtime.rb:24:in `call'
actionpack (8.0.1) lib/action_dispatch/middleware/server_timing.rb:61:in `block in call'
actionpack (8.0.1) lib/action_dispatch/middleware/server_timing.rb:26:in `collect_events'
actionpack (8.0.1) lib/action_dispatch/middleware/server_timing.rb:60:in `call'
actionpack (8.0.1) lib/action_dispatch/middleware/executor.rb:16:in `call'
actionpack (8.0.1) lib/action_dispatch/middleware/static.rb:27:in `call'
rack (3.1.10) lib/rack/sendfile.rb:114:in `call'
actionpack (8.0.1) lib/action_dispatch/middleware/host_authorization.rb:143:in `call'
railties (8.0.1) lib/rails/engine.rb:535:in `call'
puma (6.6.0) lib/puma/configuration.rb:279:in `call'
puma (6.6.0) lib/puma/request.rb:99:in `block in handle_request'
puma (6.6.0) lib/puma/thread_pool.rb:390:in `with_force_shutdown'
puma (6.6.0) lib/puma/request.rb:98:in `handle_request'
puma (6.6.0) lib/puma/server.rb:472:in `process_client'
puma (6.6.0) lib/puma/server.rb:254:in `block in run'
puma (6.6.0) lib/puma/thread_pool.rb:167:in `block in spawn_thread'

Information for cause: NameError (uninitialized constant ProductsController):
  
activesupport (8.0.1) lib/active_support/inflector/methods.rb:290:in `constantize'
activesupport (8.0.1) lib/active_support/core_ext/string/inflections.rb:74:in `constantize'
actionpack (8.0.1) lib/action_dispatch/http/request.rb:99:in `controller_class_for'
actionpack (8.0.1) lib/action_dispatch/http/request.rb:91:in `controller_class'
actionpack (8.0.1) lib/action_dispatch/routing/route_set.rb:61:in `controller'
actionpack (8.0.1) lib/action_dispatch/routing/route_set.rb:48:in `serve'
actionpack (8.0.1) lib/action_dispatch/journey/router.rb:53:in `block in serve'
actionpack (8.0.1) lib/action_dispatch/journey/router.rb:133:in `block in find_routes'
actionpack (8.0.1) lib/action_dispatch/journey/router.rb:126:in `each'
actionpack (8.0.1) lib/action_dispatch/journey/router.rb:126:in `find_routes'
actionpack (8.0.1) lib/action_dispatch/journey/router.rb:34:in `serve'
actionpack (8.0.1) lib/action_dispatch/routing/route_set.rb:908:in `call'
railties (8.0.1) lib/rails/engine/lazy_route_set.rb:68:in `call'
rack (3.1.10) lib/rack/etag.rb:29:in `call'
rack (3.1.10) lib/rack/conditional_get.rb:31:in `call'
rack (3.1.10) lib/rack/head.rb:15:in `call'
activerecord (8.0.1) lib/active_record/migration.rb:671:in `call'
actionpack (8.0.1) lib/action_dispatch/middleware/callbacks.rb:31:in `block in call'
activesupport (8.0.1) lib/active_support/callbacks.rb:100:in `run_callbacks'
actionpack (8.0.1) lib/action_dispatch/middleware/callbacks.rb:30:in `call'
actionpack (8.0.1) lib/action_dispatch/middleware/executor.rb:16:in `call'
actionpack (8.0.1) lib/action_dispatch/middleware/actionable_exceptions.rb:18:in `call'
actionpack (8.0.1) lib/action_dispatch/middleware/debug_exceptions.rb:31:in `call'
actionpack (8.0.1) lib/action_dispatch/middleware/show_exceptions.rb:32:in `call'
railties (8.0.1) lib/rails/rack/logger.rb:41:in `call_app'
railties (8.0.1) lib/rails/rack/logger.rb:29:in `call'
actionpack (8.0.1) lib/action_dispatch/middleware/remote_ip.rb:96:in `call'
actionpack (8.0.1) lib/action_dispatch/middleware/request_id.rb:34:in `call'
rack (3.1.10) lib/rack/runtime.rb:24:in `call'
actionpack (8.0.1) lib/action_dispatch/middleware/server_timing.rb:61:in `block in call'
actionpack (8.0.1) lib/action_dispatch/middleware/server_timing.rb:26:in `collect_events'
actionpack (8.0.1) lib/action_dispatch/middleware/server_timing.rb:60:in `call'
actionpack (8.0.1) lib/action_dispatch/middleware/executor.rb:16:in `call'
actionpack (8.0.1) lib/action_dispatch/middleware/static.rb:27:in `call'
rack (3.1.10) lib/rack/sendfile.rb:114:in `call'
actionpack (8.0.1) lib/action_dispatch/middleware/host_authorization.rb:143:in `call'
railties (8.0.1) lib/rails/engine.rb:535:in `call'
puma (6.6.0) lib/puma/configuration.rb:279:in `call'
puma (6.6.0) lib/puma/request.rb:99:in `block in handle_request'
puma (6.6.0) lib/puma/thread_pool.rb:390:in `with_force_shutdown'
puma (6.6.0) lib/puma/request.rb:98:in `handle_request'
puma (6.6.0) lib/puma/server.rb:472:in `process_client'
puma (6.6.0) lib/puma/server.rb:254:in `block in run'
puma (6.6.0) lib/puma/thread_pool.rb:167:in `block in spawn_thread'
Started GET "/ws" for 127.0.0.1 at 2025-02-27 13:42:40 -0600
  
ActionController::RoutingError (No route matches [GET] "/ws"):
  
Started GET "/products" for 127.0.0.1 at 2025-02-27 13:45:50 -0600
  [1m[36mActiveRecord::SchemaMigration Load (1.0ms)[0m  [1m[34mSELECT "schema_migrations"."version" FROM "schema_migrations" ORDER BY "schema_migrations"."version" ASC /*application='ShoppingCartApi'*/[0m
  
ActionController::RoutingError (uninitialized constant ProductsController)
Caused by: ActionDispatch::MissingController (uninitialized constant ProductsController)
Caused by: NameError (uninitialized constant ProductsController)

Information for: ActionController::RoutingError (uninitialized constant ProductsController):
  

Information for cause: ActionDispatch::MissingController (uninitialized constant ProductsController):
  
actionpack (8.0.1) lib/action_dispatch/http/request.rb:102:in `rescue in controller_class_for'
actionpack (8.0.1) lib/action_dispatch/http/request.rb:98:in `controller_class_for'
actionpack (8.0.1) lib/action_dispatch/http/request.rb:91:in `controller_class'
actionpack (8.0.1) lib/action_dispatch/routing/route_set.rb:61:in `controller'
actionpack (8.0.1) lib/action_dispatch/routing/route_set.rb:48:in `serve'
actionpack (8.0.1) lib/action_dispatch/journey/router.rb:53:in `block in serve'
actionpack (8.0.1) lib/action_dispatch/journey/router.rb:133:in `block in find_routes'
actionpack (8.0.1) lib/action_dispatch/journey/router.rb:126:in `each'
actionpack (8.0.1) lib/action_dispatch/journey/router.rb:126:in `find_routes'
actionpack (8.0.1) lib/action_dispatch/journey/router.rb:34:in `serve'
actionpack (8.0.1) lib/action_dispatch/routing/route_set.rb:908:in `call'
railties (8.0.1) lib/rails/engine/lazy_route_set.rb:68:in `call'
rack (3.1.10) lib/rack/etag.rb:29:in `call'
rack (3.1.10) lib/rack/conditional_get.rb:31:in `call'
rack (3.1.10) lib/rack/head.rb:15:in `call'
activerecord (8.0.1) lib/active_record/migration.rb:671:in `call'
actionpack (8.0.1) lib/action_dispatch/middleware/callbacks.rb:31:in `block in call'
activesupport (8.0.1) lib/active_support/callbacks.rb:100:in `run_callbacks'
actionpack (8.0.1) lib/action_dispatch/middleware/callbacks.rb:30:in `call'
actionpack (8.0.1) lib/action_dispatch/middleware/executor.rb:16:in `call'
actionpack (8.0.1) lib/action_dispatch/middleware/actionable_exceptions.rb:18:in `call'
actionpack (8.0.1) lib/action_dispatch/middleware/debug_exceptions.rb:31:in `call'
actionpack (8.0.1) lib/action_dispatch/middleware/show_exceptions.rb:32:in `call'
railties (8.0.1) lib/rails/rack/logger.rb:41:in `call_app'
railties (8.0.1) lib/rails/rack/logger.rb:29:in `call'
actionpack (8.0.1) lib/action_dispatch/middleware/remote_ip.rb:96:in `call'
actionpack (8.0.1) lib/action_dispatch/middleware/request_id.rb:34:in `call'
rack (3.1.10) lib/rack/runtime.rb:24:in `call'
actionpack (8.0.1) lib/action_dispatch/middleware/server_timing.rb:61:in `block in call'
actionpack (8.0.1) lib/action_dispatch/middleware/server_timing.rb:26:in `collect_events'
actionpack (8.0.1) lib/action_dispatch/middleware/server_timing.rb:60:in `call'
actionpack (8.0.1) lib/action_dispatch/middleware/executor.rb:16:in `call'
actionpack (8.0.1) lib/action_dispatch/middleware/static.rb:27:in `call'
rack (3.1.10) lib/rack/sendfile.rb:114:in `call'
actionpack (8.0.1) lib/action_dispatch/middleware/host_authorization.rb:143:in `call'
railties (8.0.1) lib/rails/engine.rb:535:in `call'
puma (6.6.0) lib/puma/configuration.rb:279:in `call'
puma (6.6.0) lib/puma/request.rb:99:in `block in handle_request'
puma (6.6.0) lib/puma/thread_pool.rb:390:in `with_force_shutdown'
puma (6.6.0) lib/puma/request.rb:98:in `handle_request'
puma (6.6.0) lib/puma/server.rb:472:in `process_client'
puma (6.6.0) lib/puma/server.rb:254:in `block in run'
puma (6.6.0) lib/puma/thread_pool.rb:167:in `block in spawn_thread'

Information for cause: NameError (uninitialized constant ProductsController):
  
activesupport (8.0.1) lib/active_support/inflector/methods.rb:290:in `constantize'
activesupport (8.0.1) lib/active_support/core_ext/string/inflections.rb:74:in `constantize'
actionpack (8.0.1) lib/action_dispatch/http/request.rb:99:in `controller_class_for'
actionpack (8.0.1) lib/action_dispatch/http/request.rb:91:in `controller_class'
actionpack (8.0.1) lib/action_dispatch/routing/route_set.rb:61:in `controller'
actionpack (8.0.1) lib/action_dispatch/routing/route_set.rb:48:in `serve'
actionpack (8.0.1) lib/action_dispatch/journey/router.rb:53:in `block in serve'
actionpack (8.0.1) lib/action_dispatch/journey/router.rb:133:in `block in find_routes'
actionpack (8.0.1) lib/action_dispatch/journey/router.rb:126:in `each'
actionpack (8.0.1) lib/action_dispatch/journey/router.rb:126:in `find_routes'
actionpack (8.0.1) lib/action_dispatch/journey/router.rb:34:in `serve'
actionpack (8.0.1) lib/action_dispatch/routing/route_set.rb:908:in `call'
railties (8.0.1) lib/rails/engine/lazy_route_set.rb:68:in `call'
rack (3.1.10) lib/rack/etag.rb:29:in `call'
rack (3.1.10) lib/rack/conditional_get.rb:31:in `call'
rack (3.1.10) lib/rack/head.rb:15:in `call'
activerecord (8.0.1) lib/active_record/migration.rb:671:in `call'
actionpack (8.0.1) lib/action_dispatch/middleware/callbacks.rb:31:in `block in call'
activesupport (8.0.1) lib/active_support/callbacks.rb:100:in `run_callbacks'
actionpack (8.0.1) lib/action_dispatch/middleware/callbacks.rb:30:in `call'
actionpack (8.0.1) lib/action_dispatch/middleware/executor.rb:16:in `call'
actionpack (8.0.1) lib/action_dispatch/middleware/actionable_exceptions.rb:18:in `call'
actionpack (8.0.1) lib/action_dispatch/middleware/debug_exceptions.rb:31:in `call'
actionpack (8.0.1) lib/action_dispatch/middleware/show_exceptions.rb:32:in `call'
railties (8.0.1) lib/rails/rack/logger.rb:41:in `call_app'
railties (8.0.1) lib/rails/rack/logger.rb:29:in `call'
actionpack (8.0.1) lib/action_dispatch/middleware/remote_ip.rb:96:in `call'
actionpack (8.0.1) lib/action_dispatch/middleware/request_id.rb:34:in `call'
rack (3.1.10) lib/rack/runtime.rb:24:in `call'
actionpack (8.0.1) lib/action_dispatch/middleware/server_timing.rb:61:in `block in call'
actionpack (8.0.1) lib/action_dispatch/middleware/server_timing.rb:26:in `collect_events'
actionpack (8.0.1) lib/action_dispatch/middleware/server_timing.rb:60:in `call'
actionpack (8.0.1) lib/action_dispatch/middleware/executor.rb:16:in `call'
actionpack (8.0.1) lib/action_dispatch/middleware/static.rb:27:in `call'
rack (3.1.10) lib/rack/sendfile.rb:114:in `call'
actionpack (8.0.1) lib/action_dispatch/middleware/host_authorization.rb:143:in `call'
railties (8.0.1) lib/rails/engine.rb:535:in `call'
puma (6.6.0) lib/puma/configuration.rb:279:in `call'
puma (6.6.0) lib/puma/request.rb:99:in `block in handle_request'
puma (6.6.0) lib/puma/thread_pool.rb:390:in `with_force_shutdown'
puma (6.6.0) lib/puma/request.rb:98:in `handle_request'
puma (6.6.0) lib/puma/server.rb:472:in `process_client'
puma (6.6.0) lib/puma/server.rb:254:in `block in run'
puma (6.6.0) lib/puma/thread_pool.rb:167:in `block in spawn_thread'
Started GET "/ws" for 127.0.0.1 at 2025-02-27 13:46:56 -0600
  
ActionController::RoutingError (No route matches [GET] "/ws"):
  
Started GET "/products" for 127.0.0.1 at 2025-02-27 13:49:26 -0600
  [1m[36mActiveRecord::SchemaMigration Load (0.1ms)[0m  [1m[34mSELECT "schema_migrations"."version" FROM "schema_migrations" ORDER BY "schema_migrations"."version" ASC /*application='ShoppingCartApi'*/[0m
Processing by ProductsController#index as HTML
Completed 500 Internal Server Error in 5ms (ActiveRecord: 0.0ms (0 queries, 0 cached) | GC: 0.0ms)


  
LoadError (cannot load such file -- httparty):
  
app/services/fake_store_service.rb:1:in `<main>'
app/controllers/products_controller.rb:3:in `index'
Started GET "/products" for 127.0.0.1 at 2025-02-27 13:51:16 -0600
  [1m[36mActiveRecord::SchemaMigration Load (0.1ms)[0m  [1m[34mSELECT "schema_migrations"."version" FROM "schema_migrations" ORDER BY "schema_migrations"."version" ASC /*application='ShoppingCartApi'*/[0m
Processing by ProductsController#index as HTML
Completed 200 OK in 547ms (Views: 0.8ms | ActiveRecord: 0.0ms (0 queries, 0 cached) | GC: 0.0ms)


Started GET "/products/1" for 127.0.0.1 at 2025-02-27 13:51:31 -0600
Processing by ProductsController#show as HTML
  Parameters: {"id"=>"1"}
Completed 200 OK in 580ms (Views: 0.3ms | ActiveRecord: 0.0ms (0 queries, 0 cached) | GC: 0.0ms)


Started GET "/" for 127.0.0.1 at 2025-02-27 13:52:27 -0600
  [1m[36mActiveRecord::SchemaMigration Load (0.2ms)[0m  [1m[34mSELECT "schema_migrations"."version" FROM "schema_migrations" ORDER BY "schema_migrations"."version" ASC /*application='ShoppingCartApi'*/[0m
Processing by Rails::WelcomeController#index as HTML
  Rendering /home/dyl/.rbenv/versions/3.3.5/lib/ruby/gems/3.3.0/gems/railties-8.0.1/lib/rails/templates/rails/welcome/index.html.erb
  Rendered /home/dyl/.rbenv/versions/3.3.5/lib/ruby/gems/3.3.0/gems/railties-8.0.1/lib/rails/templates/rails/welcome/index.html.erb (Duration: 0.8ms | GC: 0.0ms)
Completed 200 OK in 9ms (Views: 4.4ms | ActiveRecord: 0.0ms (0 queries, 0 cached) | GC: 2.2ms)


Started GET "/icon.png" for 127.0.0.1 at 2025-02-27 13:52:28 -0600
  
ActionController::RoutingError (No route matches [GET] "/icon.png"):
  
Started GET "/products" for 127.0.0.1 at 2025-02-27 13:52:32 -0600
Processing by ProductsController#index as HTML
Completed 200 OK in 542ms (Views: 0.6ms | ActiveRecord: 0.0ms (0 queries, 0 cached) | GC: 0.0ms)


Started GET "/favicon.ico" for 127.0.0.1 at 2025-02-27 13:52:33 -0600
  
ActionController::RoutingError (No route matches [GET] "/favicon.ico"):
  
Started GET "/" for 127.0.0.1 at 2025-02-27 14:30:20 -0600
  [1m[36mActiveRecord::SchemaMigration Load (0.3ms)[0m  [1m[34mSELECT "schema_migrations"."version" FROM "schema_migrations" ORDER BY "schema_migrations"."version" ASC /*application='ShoppingCartApi'*/[0m
Processing by Rails::WelcomeController#index as HTML
  Rendering /home/dyl/.rbenv/versions/3.3.5/lib/ruby/gems/3.3.0/gems/railties-8.0.1/lib/rails/templates/rails/welcome/index.html.erb
  Rendered /home/dyl/.rbenv/versions/3.3.5/lib/ruby/gems/3.3.0/gems/railties-8.0.1/lib/rails/templates/rails/welcome/index.html.erb (Duration: 0.6ms | GC: 0.0ms)
Completed 200 OK in 7ms (Views: 2.5ms | ActiveRecord: 0.0ms (0 queries, 0 cached) | GC: 1.0ms)


Started GET "/products" for 127.0.0.1 at 2025-02-27 14:36:38 -0600
  [1m[36mActiveRecord::SchemaMigration Load (0.2ms)[0m  [1m[34mSELECT "schema_migrations"."version" FROM "schema_migrations" ORDER BY "schema_migrations"."version" ASC /*application='ShoppingCartApi'*/[0m
Processing by ProductsController#index as HTML
Completed 200 OK in 1016ms (Views: 1.6ms | ActiveRecord: 0.0ms (0 queries, 0 cached) | GC: 1.6ms)


Started GET "/favicon.ico" for 127.0.0.1 at 2025-02-27 14:36:39 -0600
  
ActionController::RoutingError (No route matches [GET] "/favicon.ico"):
  
Started GET "/" for 127.0.0.1 at 2025-02-27 14:39:51 -0600
Processing by Rails::WelcomeController#index as */*
  Rendering /home/dyl/.rbenv/versions/3.3.5/lib/ruby/gems/3.3.0/gems/railties-8.0.1/lib/rails/templates/rails/welcome/index.html.erb
  Rendered /home/dyl/.rbenv/versions/3.3.5/lib/ruby/gems/3.3.0/gems/railties-8.0.1/lib/rails/templates/rails/welcome/index.html.erb (Duration: 0.4ms | GC: 0.0ms)
Completed 200 OK in 2ms (Views: 0.9ms | ActiveRecord: 0.0ms (0 queries, 0 cached) | GC: 0.0ms)


Started GET "/products" for 127.0.0.1 at 2025-02-27 14:39:56 -0600
Processing by ProductsController#index as */*
Completed 200 OK in 482ms (Views: 0.2ms | ActiveRecord: 0.0ms (0 queries, 0 cached) | GC: 0.0ms)


Started GET "/products" for 127.0.0.1 at 2025-02-27 15:14:12 -0600
Processing by ProductsController#index as HTML
Completed 200 OK in 525ms (Views: 0.6ms | ActiveRecord: 0.0ms (0 queries, 0 cached) | GC: 0.0ms)


Started GET "/favicon.ico" for 127.0.0.1 at 2025-02-27 15:14:12 -0600
  
ActionController::RoutingError (No route matches [GET] "/favicon.ico"):
  
Started GET "/" for 127.0.0.1 at 2025-02-27 16:03:27 -0600
  [1m[36mActiveRecord::SchemaMigration Load (0.1ms)[0m  [1m[34mSELECT "schema_migrations"."version" FROM "schema_migrations" ORDER BY "schema_migrations"."version" ASC /*application='ShoppingCartApi'*/[0m
Processing by Rails::WelcomeController#index as HTML
  Rendering /home/dyl/.rbenv/versions/3.3.5/lib/ruby/gems/3.3.0/gems/railties-8.0.1/lib/rails/templates/rails/welcome/index.html.erb
  Rendered /home/dyl/.rbenv/versions/3.3.5/lib/ruby/gems/3.3.0/gems/railties-8.0.1/lib/rails/templates/rails/welcome/index.html.erb (Duration: 0.5ms | GC: 0.0ms)
Completed 200 OK in 6ms (Views: 2.4ms | ActiveRecord: 0.0ms (0 queries, 0 cached) | GC: 0.4ms)


Started GET "/icon.png" for 127.0.0.1 at 2025-02-27 16:03:27 -0600
  
ActionController::RoutingError (No route matches [GET] "/icon.png"):
  
Started GET "/icon.png" for 127.0.0.1 at 2025-02-27 16:03:27 -0600
  
ActionController::RoutingError (No route matches [GET] "/icon.png"):
  
Started GET "/products" for 127.0.0.1 at 2025-02-27 16:03:33 -0600
Processing by ProductsController#index as */*
Completed 200 OK in 560ms (Views: 0.6ms | ActiveRecord: 0.0ms (0 queries, 0 cached) | GC: 0.0ms)


Started GET "/products" for 127.0.0.1 at 2025-02-27 16:03:34 -0600
Processing by ProductsController#index as HTML
Completed 200 OK in 494ms (Views: 0.2ms | ActiveRecord: 0.0ms (0 queries, 0 cached) | GC: 0.3ms)


Started GET "/favicon.ico" for 127.0.0.1 at 2025-02-27 16:03:34 -0600
  
ActionController::RoutingError (No route matches [GET] "/favicon.ico"):
  
Started GET "/products" for 127.0.0.1 at 2025-02-27 16:03:38 -0600
Processing by ProductsController#index as */*
Completed 200 OK in 1023ms (Views: 0.4ms | ActiveRecord: 0.0ms (0 queries, 0 cached) | GC: 0.6ms)


Started GET "/" for 127.0.0.1 at 2025-02-27 16:42:19 -0600
  [1m[36mActiveRecord::SchemaMigration Load (0.2ms)[0m  [1m[34mSELECT "schema_migrations"."version" FROM "schema_migrations" ORDER BY "schema_migrations"."version" ASC /*application='ShoppingCartApi'*/[0m
Processing by Rails::WelcomeController#index as HTML
  Rendering /home/dyl/.rbenv/versions/3.3.5/lib/ruby/gems/3.3.0/gems/railties-8.0.1/lib/rails/templates/rails/welcome/index.html.erb
  Rendered /home/dyl/.rbenv/versions/3.3.5/lib/ruby/gems/3.3.0/gems/railties-8.0.1/lib/rails/templates/rails/welcome/index.html.erb (Duration: 1.1ms | GC: 0.0ms)
Completed 200 OK in 7ms (Views: 3.9ms | ActiveRecord: 0.0ms (0 queries, 0 cached) | GC: 0.9ms)


Started GET "/passkeys.js.map" for 127.0.0.1 at 2025-02-27 16:42:19 -0600
  
ActionController::RoutingError (No route matches [GET] "/passkeys.js.map"):
  
Started GET "/products" for 127.0.0.1 at 2025-02-27 16:42:34 -0600
Processing by ProductsController#index as */*
Completed 200 OK in 694ms (Views: 0.3ms | ActiveRecord: 0.0ms (0 queries, 0 cached) | GC: 0.0ms)


Started GET "/products" for 127.0.0.1 at 2025-02-27 16:43:16 -0600
Processing by ProductsController#index as */*
Completed 200 OK in 615ms (Views: 0.5ms | ActiveRecord: 0.0ms (0 queries, 0 cached) | GC: 0.0ms)


Started GET "/products" for 127.0.0.1 at 2025-02-27 16:43:41 -0600
Processing by ProductsController#index as HTML
Completed 200 OK in 525ms (Views: 0.6ms | ActiveRecord: 0.0ms (0 queries, 0 cached) | GC: 0.0ms)


Started GET "/favicon.ico" for 127.0.0.1 at 2025-02-27 16:43:42 -0600
  
ActionController::RoutingError (No route matches [GET] "/favicon.ico"):
  
Started GET "/products" for 127.0.0.1 at 2025-02-27 16:44:48 -0600
Processing by ProductsController#index as */*
Completed 200 OK in 992ms (Views: 0.5ms | ActiveRecord: 0.0ms (0 queries, 0 cached) | GC: 0.0ms)


Started GET "/products" for 127.0.0.1 at 2025-02-27 16:46:43 -0600
Processing by ProductsController#index as */*
Completed 200 OK in 473ms (Views: 0.3ms | ActiveRecord: 0.0ms (0 queries, 0 cached) | GC: 0.0ms)


Started GET "/products" for 127.0.0.1 at 2025-02-27 16:46:47 -0600
Processing by ProductsController#index as HTML
Completed 200 OK in 484ms (Views: 0.3ms | ActiveRecord: 0.0ms (0 queries, 0 cached) | GC: 0.0ms)


Started GET "/favicon.ico" for 127.0.0.1 at 2025-02-27 16:46:48 -0600
  
ActionController::RoutingError (No route matches [GET] "/favicon.ico"):
  
Started GET "/products" for 127.0.0.1 at 2025-02-27 16:47:28 -0600
Processing by ProductsController#index as */*
Completed 200 OK in 1061ms (Views: 0.3ms | ActiveRecord: 0.0ms (0 queries, 0 cached) | GC: 0.0ms)


Started GET "/products" for 127.0.0.1 at 2025-02-27 16:50:42 -0600
Processing by ProductsController#index as */*
Completed 200 OK in 523ms (Views: 0.5ms | ActiveRecord: 0.0ms (0 queries, 0 cached) | GC: 0.0ms)


Started GET "/products" for 127.0.0.1 at 2025-02-27 16:50:46 -0600
Processing by ProductsController#index as */*
Completed 200 OK in 561ms (Views: 0.4ms | ActiveRecord: 0.0ms (0 queries, 0 cached) | GC: 0.0ms)


Started GET "/products" for 127.0.0.1 at 2025-02-27 16:50:56 -0600
Processing by ProductsController#index as */*
Completed 200 OK in 1002ms (Views: 0.8ms | ActiveRecord: 0.0ms (0 queries, 0 cached) | GC: 0.0ms)


Started GET "/products" for 127.0.0.1 at 2025-02-27 16:51:17 -0600
Processing by ProductsController#index as */*
Completed 200 OK in 517ms (Views: 0.6ms | ActiveRecord: 0.0ms (0 queries, 0 cached) | GC: 0.0ms)


Started GET "/products" for 127.0.0.1 at 2025-02-27 16:51:27 -0600
Processing by ProductsController#index as */*
Completed 200 OK in 486ms (Views: 0.4ms | ActiveRecord: 0.0ms (0 queries, 0 cached) | GC: 0.0ms)


Started GET "/products" for 127.0.0.1 at 2025-02-27 16:51:40 -0600
Processing by ProductsController#index as */*
Completed 200 OK in 623ms (Views: 0.4ms | ActiveRecord: 0.0ms (0 queries, 0 cached) | GC: 0.0ms)


  [1m[36mActiveRecord::SchemaMigration Load (0.1ms)[0m  [1m[34mSELECT "schema_migrations"."version" FROM "schema_migrations" ORDER BY "schema_migrations"."version" ASC /*application='ShoppingCartApi'*/[0m
Started GET "/" for 127.0.0.1 at 2025-02-27 16:55:25 -0600
Processing by Rails::WelcomeController#index as */*
  Rendering /home/dyl/.rbenv/versions/3.3.5/lib/ruby/gems/3.3.0/gems/railties-8.0.1/lib/rails/templates/rails/welcome/index.html.erb
  Rendered /home/dyl/.rbenv/versions/3.3.5/lib/ruby/gems/3.3.0/gems/railties-8.0.1/lib/rails/templates/rails/welcome/index.html.erb (Duration: 0.5ms | GC: 0.0ms)
Completed 200 OK in 2ms (Views: 1.2ms | ActiveRecord: 0.0ms (0 queries, 0 cached) | GC: 0.0ms)


Started GET "/" for 127.0.0.1 at 2025-02-27 16:56:07 -0600
Processing by Rails::WelcomeController#index as */*
  Rendering /home/dyl/.rbenv/versions/3.3.5/lib/ruby/gems/3.3.0/gems/railties-8.0.1/lib/rails/templates/rails/welcome/index.html.erb
  Rendered /home/dyl/.rbenv/versions/3.3.5/lib/ruby/gems/3.3.0/gems/railties-8.0.1/lib/rails/templates/rails/welcome/index.html.erb (Duration: 0.1ms | GC: 0.0ms)
Completed 200 OK in 1ms (Views: 0.4ms | ActiveRecord: 0.0ms (0 queries, 0 cached) | GC: 0.0ms)


Started GET "/" for 127.0.0.1 at 2025-02-27 16:56:27 -0600
Processing by Rails::WelcomeController#index as */*
  Rendering /home/dyl/.rbenv/versions/3.3.5/lib/ruby/gems/3.3.0/gems/railties-8.0.1/lib/rails/templates/rails/welcome/index.html.erb
  Rendered /home/dyl/.rbenv/versions/3.3.5/lib/ruby/gems/3.3.0/gems/railties-8.0.1/lib/rails/templates/rails/welcome/index.html.erb (Duration: 0.8ms | GC: 0.0ms)
Completed 200 OK in 3ms (Views: 2.3ms | ActiveRecord: 0.0ms (0 queries, 0 cached) | GC: 0.0ms)


Started GET "/favicon.ico" for 127.0.0.1 at 2025-02-27 17:02:38 -0600
  
ActionController::RoutingError (No route matches [GET] "/favicon.ico"):
  
Started GET "/products" for 127.0.0.1 at 2025-02-27 17:02:39 -0600
Processing by ProductsController#index as HTML
Completed 200 OK in 566ms (Views: 0.3ms | ActiveRecord: 0.0ms (0 queries, 0 cached) | GC: 0.0ms)


  [1m[36mActiveRecord::SchemaMigration Load (0.1ms)[0m  [1m[34mSELECT "schema_migrations"."version" FROM "schema_migrations" ORDER BY "schema_migrations"."version" ASC /*application='ShoppingCartApi'*/[0m
Started GET "/" for 127.0.0.1 at 2025-03-01 12:25:38 -0600
  [1m[36mActiveRecord::SchemaMigration Load (0.3ms)[0m  [1m[34mSELECT "schema_migrations"."version" FROM "schema_migrations" ORDER BY "schema_migrations"."version" ASC /*application='ShoppingCartApi'*/[0m
Processing by Rails::WelcomeController#index as HTML
  Rendering /home/dyl/.rbenv/versions/3.3.5/lib/ruby/gems/3.3.0/gems/railties-8.0.1/lib/rails/templates/rails/welcome/index.html.erb
  Rendered /home/dyl/.rbenv/versions/3.3.5/lib/ruby/gems/3.3.0/gems/railties-8.0.1/lib/rails/templates/rails/welcome/index.html.erb (Duration: 1.0ms | GC: 0.0ms)
Completed 200 OK in 9ms (Views: 3.3ms | ActiveRecord: 0.0ms (0 queries, 0 cached) | GC: 1.5ms)


Started GET "/products" for 127.0.0.1 at 2025-03-01 12:25:44 -0600
Processing by ProductsController#index as HTML
Completed 200 OK in 621ms (Views: 4.7ms | ActiveRecord: 0.0ms (0 queries, 0 cached) | GC: 12.9ms)


Started GET "/favicon.ico" for 127.0.0.1 at 2025-03-01 12:25:44 -0600
  
ActionController::RoutingError (No route matches [GET] "/favicon.ico"):
  
Started GET "/favicon.ico" for 127.0.0.1 at 2025-03-01 12:36:17 -0600
  
ActionController::RoutingError (No route matches [GET] "/favicon.ico"):
  
  [1m[36mActiveRecord::SchemaMigration Load (0.4ms)[0m  [1m[34mSELECT "schema_migrations"."version" FROM "schema_migrations" ORDER BY "schema_migrations"."version" ASC /*application='ShoppingCartApi'*/[0m
Started GET "/" for 127.0.0.1 at 2025-03-02 11:02:41 -0600
  [1m[36mActiveRecord::SchemaMigration Load (0.1ms)[0m  [1m[34mSELECT "schema_migrations"."version" FROM "schema_migrations" ORDER BY "schema_migrations"."version" ASC /*application='ShoppingCartApi'*/[0m
Processing by Rails::WelcomeController#index as */*
  Rendering /home/dyl/.rbenv/versions/3.3.5/lib/ruby/gems/3.3.0/gems/railties-8.0.1/lib/rails/templates/rails/welcome/index.html.erb
  Rendered /home/dyl/.rbenv/versions/3.3.5/lib/ruby/gems/3.3.0/gems/railties-8.0.1/lib/rails/templates/rails/welcome/index.html.erb (Duration: 0.5ms | GC: 0.0ms)
Completed 200 OK in 5ms (Views: 2.0ms | ActiveRecord: 0.0ms (0 queries, 0 cached) | GC: 0.5ms)


Started GET "/products" for 127.0.0.1 at 2025-03-02 11:02:56 -0600
Processing by ProductsController#index as */*
Completed 200 OK in 485ms (Views: 0.6ms | ActiveRecord: 0.0ms (0 queries, 0 cached) | GC: 0.0ms)


Started GET "/products" for 127.0.0.1 at 2025-03-02 11:11:06 -0600
Processing by ProductsController#index as */*
Completed 200 OK in 403ms (Views: 0.4ms | ActiveRecord: 0.0ms (0 queries, 0 cached) | GC: 0.0ms)


Started GET "/products" for 127.0.0.1 at 2025-03-02 11:11:08 -0600
Processing by ProductsController#index as */*
Completed 200 OK in 385ms (Views: 0.2ms | ActiveRecord: 0.0ms (0 queries, 0 cached) | GC: 0.0ms)


Started GET "/products" for 127.0.0.1 at 2025-03-02 11:11:28 -0600
Processing by ProductsController#index as */*
Completed 200 OK in 398ms (Views: 0.2ms | ActiveRecord: 0.0ms (0 queries, 0 cached) | GC: 0.0ms)


Started GET "/products" for 127.0.0.1 at 2025-03-02 11:11:34 -0600
Processing by ProductsController#index as */*
Completed 200 OK in 380ms (Views: 0.2ms | ActiveRecord: 0.0ms (0 queries, 0 cached) | GC: 0.0ms)


Started GET "/products" for 127.0.0.1 at 2025-03-02 11:11:39 -0600
Processing by ProductsController#index as */*
Completed 200 OK in 401ms (Views: 0.4ms | ActiveRecord: 0.0ms (0 queries, 0 cached) | GC: 0.0ms)


Started GET "/products/1" for 127.0.0.1 at 2025-03-02 11:13:44 -0600
Processing by ProductsController#show as */*
  Parameters: {"id"=>"1"}
Completed 200 OK in 395ms (Views: 0.1ms | ActiveRecord: 0.0ms (0 queries, 0 cached) | GC: 0.0ms)


Started GET "/products/1" for 127.0.0.1 at 2025-03-02 11:13:47 -0600
Processing by ProductsController#show as */*
  Parameters: {"id"=>"1"}
Completed 200 OK in 377ms (Views: 0.2ms | ActiveRecord: 0.0ms (0 queries, 0 cached) | GC: 0.0ms)


Started GET "/products" for 127.0.0.1 at 2025-03-02 11:13:51 -0600
Processing by ProductsController#index as */*
Completed 200 OK in 389ms (Views: 0.2ms | ActiveRecord: 0.0ms (0 queries, 0 cached) | GC: 0.0ms)


Started GET "/" for 127.0.0.1 at 2025-03-02 11:15:47 -0600
Processing by Rails::WelcomeController#index as HTML
  Rendering /home/dyl/.rbenv/versions/3.3.5/lib/ruby/gems/3.3.0/gems/railties-8.0.1/lib/rails/templates/rails/welcome/index.html.erb
  Rendered /home/dyl/.rbenv/versions/3.3.5/lib/ruby/gems/3.3.0/gems/railties-8.0.1/lib/rails/templates/rails/welcome/index.html.erb (Duration: 0.1ms | GC: 0.0ms)
Completed 200 OK in 0ms (Views: 0.3ms | ActiveRecord: 0.0ms (0 queries, 0 cached) | GC: 0.0ms)


Started GET "/products" for 127.0.0.1 at 2025-03-02 11:15:50 -0600
Processing by ProductsController#index as HTML
Completed 200 OK in 409ms (Views: 0.3ms | ActiveRecord: 0.0ms (0 queries, 0 cached) | GC: 0.0ms)


Started GET "/products/1" for 127.0.0.1 at 2025-03-02 11:15:53 -0600
Processing by ProductsController#show as HTML
  Parameters: {"id"=>"1"}
Completed 200 OK in 408ms (Views: 0.1ms | ActiveRecord: 0.0ms (0 queries, 0 cached) | GC: 0.0ms)


Started GET "/products" for 127.0.0.1 at 2025-03-02 11:16:50 -0600
Processing by ProductsController#index as */*
Completed 200 OK in 411ms (Views: 0.3ms | ActiveRecord: 0.0ms (0 queries, 0 cached) | GC: 0.0ms)


Started GET "/products" for 127.0.0.1 at 2025-03-02 11:17:12 -0600
Processing by ProductsController#index as */*
Completed 200 OK in 497ms (Views: 0.3ms | ActiveRecord: 0.0ms (0 queries, 0 cached) | GC: 0.0ms)


Started GET "/products" for 127.0.0.1 at 2025-03-02 11:17:50 -0600
Processing by ProductsController#index as */*
Completed 200 OK in 402ms (Views: 0.2ms | ActiveRecord: 0.0ms (0 queries, 0 cached) | GC: 0.0ms)


Started GET "/products" for 127.0.0.1 at 2025-03-02 11:19:01 -0600
Processing by ProductsController#index as */*
Completed 200 OK in 396ms (Views: 0.4ms | ActiveRecord: 0.0ms (0 queries, 0 cached) | GC: 0.0ms)


Started GET "/products" for 127.0.0.1 at 2025-03-02 11:20:40 -0600
Processing by ProductsController#index as */*
Completed 200 OK in 411ms (Views: 18.2ms | ActiveRecord: 0.0ms (0 queries, 0 cached) | GC: 17.7ms)


Started GET "/products" for 127.0.0.1 at 2025-03-02 11:22:29 -0600
Processing by ProductsController#index as */*
Completed 200 OK in 498ms (Views: 0.4ms | ActiveRecord: 0.0ms (0 queries, 0 cached) | GC: 0.0ms)


Started GET "/products" for 127.0.0.1 at 2025-03-02 11:22:57 -0600
Processing by ProductsController#index as */*
Completed 200 OK in 443ms (Views: 0.4ms | ActiveRecord: 0.0ms (0 queries, 0 cached) | GC: 0.4ms)


Started GET "/products" for 127.0.0.1 at 2025-03-02 11:23:49 -0600
Processing by ProductsController#index as */*
Completed 200 OK in 373ms (Views: 0.3ms | ActiveRecord: 0.0ms (0 queries, 0 cached) | GC: 0.0ms)


Started GET "/products" for 127.0.0.1 at 2025-03-02 11:26:02 -0600
Processing by ProductsController#index as */*
Completed 200 OK in 403ms (Views: 0.2ms | ActiveRecord: 0.0ms (0 queries, 0 cached) | GC: 0.0ms)


Started GET "/products" for 127.0.0.1 at 2025-03-02 11:27:40 -0600
Processing by ProductsController#index as */*
Completed 200 OK in 406ms (Views: 0.2ms | ActiveRecord: 0.0ms (0 queries, 0 cached) | GC: 0.0ms)


Started GET "/products" for 127.0.0.1 at 2025-03-02 11:28:17 -0600
Processing by ProductsController#index as */*
Completed 200 OK in 372ms (Views: 0.3ms | ActiveRecord: 0.0ms (0 queries, 0 cached) | GC: 0.0ms)


Started GET "/products" for 127.0.0.1 at 2025-03-02 11:36:07 -0600
Processing by ProductsController#index as */*
Completed 200 OK in 417ms (Views: 0.2ms | ActiveRecord: 0.0ms (0 queries, 0 cached) | GC: 0.0ms)


Started GET "/products" for 127.0.0.1 at 2025-03-02 11:50:37 -0600
Processing by ProductsController#index as */*
Completed 200 OK in 408ms (Views: 0.3ms | ActiveRecord: 0.0ms (0 queries, 0 cached) | GC: 0.0ms)


Started GET "/products" for 127.0.0.1 at 2025-03-02 11:50:46 -0600
Processing by ProductsController#index as */*
Completed 200 OK in 412ms (Views: 0.2ms | ActiveRecord: 0.0ms (0 queries, 0 cached) | GC: 0.0ms)


Started GET "/products" for 127.0.0.1 at 2025-03-02 11:50:49 -0600
Processing by ProductsController#index as */*
Completed 200 OK in 444ms (Views: 0.2ms | ActiveRecord: 0.0ms (0 queries, 0 cached) | GC: 0.0ms)


Started GET "/products" for 127.0.0.1 at 2025-03-02 11:50:55 -0600
Processing by ProductsController#index as */*
Completed 200 OK in 402ms (Views: 0.2ms | ActiveRecord: 0.0ms (0 queries, 0 cached) | GC: 0.0ms)


Started GET "/products" for 127.0.0.1 at 2025-03-02 11:51:22 -0600
Processing by ProductsController#index as */*
Completed 200 OK in 382ms (Views: 0.4ms | ActiveRecord: 0.0ms (0 queries, 0 cached) | GC: 0.0ms)


Started GET "/products" for 127.0.0.1 at 2025-03-02 11:51:35 -0600
Processing by ProductsController#index as */*
Completed 200 OK in 388ms (Views: 0.2ms | ActiveRecord: 0.0ms (0 queries, 0 cached) | GC: 0.0ms)


Started GET "/products" for 127.0.0.1 at 2025-03-02 11:51:41 -0600
Processing by ProductsController#index as */*
Completed 200 OK in 755ms (Views: 0.6ms | ActiveRecord: 0.0ms (0 queries, 0 cached) | GC: 0.0ms)


Started GET "/products" for 127.0.0.1 at 2025-03-02 11:51:52 -0600
Processing by ProductsController#index as */*
Completed 200 OK in 375ms (Views: 0.2ms | ActiveRecord: 0.0ms (0 queries, 0 cached) | GC: 0.0ms)


Started GET "/products" for 127.0.0.1 at 2025-03-02 11:52:06 -0600
Processing by ProductsController#index as */*
Completed 200 OK in 381ms (Views: 0.5ms | ActiveRecord: 0.0ms (0 queries, 0 cached) | GC: 0.0ms)


Started GET "/products" for 127.0.0.1 at 2025-03-02 12:10:24 -0600
Processing by ProductsController#index as */*
Completed 200 OK in 508ms (Views: 0.2ms | ActiveRecord: 0.0ms (0 queries, 0 cached) | GC: 0.0ms)


Started GET "/products" for 127.0.0.1 at 2025-03-02 12:13:04 -0600
Processing by ProductsController#index as */*
Completed 200 OK in 362ms (Views: 0.3ms | ActiveRecord: 0.0ms (0 queries, 0 cached) | GC: 0.0ms)


Started GET "/products" for 127.0.0.1 at 2025-03-02 12:13:48 -0600
Processing by ProductsController#index as */*
Completed 200 OK in 373ms (Views: 0.4ms | ActiveRecord: 0.0ms (0 queries, 0 cached) | GC: 0.0ms)


